"../../../Engine/Content/EditorBlueprintResources/StandardMacros.uasset" 0
"D:/UE4 Projects/ProjectAcceleracer/Content/Meshes_Materials_Textures/SM_Iridium_S.uasset" 1
"D:/UE4 Projects/ProjectAcceleracer/Content/Car_BPs/Animators_Controllers/Anim_Iridium.uasset" 2
"../../../Engine/Content/EngineMaterials/PhysMat_Ice.uasset" 3
"../../../Engine/Content/EngineMaterials/PhysMat_Vines.uasset" 4
"../../../Engine/Content/EngineMaterials/PhysMat_Vines2.uasset" 5
"../../../Engine/Content/EngineMaterials/PhysMat_Wall.uasset" 6
"D:/UE4 Projects/ProjectAcceleracer/Content/Car_BPs/WheelData/TC_Iridium.uasset" 7
"D:/UE4 Projects/ProjectAcceleracer/Content/Car_BPs/WheelData/FW_Iridium.uasset" 8
"D:/UE4 Projects/ProjectAcceleracer/Content/Car_BPs/WheelData/RW_Iridium.uasset" 9
"D:/UE4 Projects/ProjectAcceleracer/Content/Meshes_Materials_Textures/Textures/SkidMarks3.uasset" 10
"D:/UE4 Projects/ProjectAcceleracer/Content/Meshes_Materials_Textures/Materials/SkidMarkDecal.uasset" 11
"D:/UE4 Projects/ProjectAcceleracer/Content/Particles/DriftMarkDecal.uasset" 12
"../../../Engine/Content/EngineSounds/Master.uasset" 13
"../../../Engine/Content/EngineSounds/Normal_Attack.uasset" 14
"../../../Engine/Content/EngineSounds/Duck_Normal_Attack_MixMod.uasset" 15
"../../../Engine/Content/EngineSounds/Special_Attack_PSM.uasset" 16
"../../../Engine/Content/EngineSounds/SFX.uasset" 17
"D:/UE4 Projects/ProjectAcceleracer/Content/Sound/DriftEnd.uasset" 18
"D:/UE4 Projects/ProjectAcceleracer/Content/Sound/DriftLoop.uasset" 19
"D:/UE4 Projects/ProjectAcceleracer/Content/Sound/DriftStart.uasset" 20
"D:/UE4 Projects/ProjectAcceleracer/Content/Sound/EngineExplosion.uasset" 21
"D:/UE4 Projects/ProjectAcceleracer/Content/Sound/ExhaustBackfire.uasset" 22
"D:/UE4 Projects/ProjectAcceleracer/Content/Sound/ExhaustBackFire1.uasset" 23
"D:/UE4 Projects/ProjectAcceleracer/Content/Sound/ExhaustBackFire2.uasset" 24
"D:/UE4 Projects/ProjectAcceleracer/Content/Sound/ExhaustBackfire3.uasset" 25
"D:/UE4 Projects/ProjectAcceleracer/Content/Sound/NitroxBoost.uasset" 26
"../../../Engine/Content/EngineSounds/Music.uasset" 27
"../../../Engine/Content/EngineSounds/Voice.uasset" 28
"../../../Engine/Content/VREditor/Sounds/VR_click3.uasset" 29
"../../../Engine/Content/VREditor/Sounds/VR_close.uasset" 30
"D:/UE4 Projects/ProjectAcceleracer/Content/Sound/NewSoundMix.uasset" 31
"D:/UE4 Projects/ProjectAcceleracer/Content/UI/IngameOptions.uasset" 32
"D:/UE4 Projects/ProjectAcceleracer/Content/UI/Images/nitroxmeter.uasset" 33
"D:/UE4 Projects/ProjectAcceleracer/Content/UI/Images/speedometer.uasset" 34
"D:/UE4 Projects/ProjectAcceleracer/Content/UI/Images/speedometerneedle.uasset" 35
"D:/UE4 Projects/ProjectAcceleracer/Content/UI/Images/tachometer.uasset" 36
"D:/UE4 Projects/ProjectAcceleracer/Content/UI/Speedometer.uasset" 37
"D:/UE4 Projects/ProjectAcceleracer/Content/Car_BPs/Car_Base.uasset" 38
"D:/UE4 Projects/ProjectAcceleracer/Content/Meshes_Materials_Textures/Textures/T_Ice_A_Clouds.uasset" 39
"D:/UE4 Projects/ProjectAcceleracer/Content/Meshes_Materials_Textures/Textures/T_Ice_A_Sub.uasset" 40
"D:/UE4 Projects/ProjectAcceleracer/Content/Meshes_Materials_Textures/Materials/Mat_Purple_Glass.uasset" 41
"../../../Engine/Content/Functions/Engine_MaterialFunctions02/Lerp_3Color.uasset" 42
"D:/UE4 Projects/ProjectAcceleracer/Content/Meshes_Materials_Textures/Textures/T_Ice_Crystal_D_02.uasset" 43
"D:/UE4 Projects/ProjectAcceleracer/Content/Meshes_Materials_Textures/Materials/Mat_Silver_Metal.uasset" 44
"D:/UE4 Projects/ProjectAcceleracer/Content/Meshes_Materials_Textures/Materials/Mat_Simple.uasset" 45
"D:/UE4 Projects/ProjectAcceleracer/Content/Meshes_Materials_Textures/Materials/Mat_Red.uasset" 46
"D:/UE4 Projects/ProjectAcceleracer/Content/Meshes_Materials_Textures/Materials/Mat_White.uasset" 47
"D:/UE4 Projects/ProjectAcceleracer/Content/Meshes_Materials_Textures/Meshes/Cars/Iridium/IridiumV8_FLWheel.uasset" 48
"D:/UE4 Projects/ProjectAcceleracer/Content/Car_BPs/Wheel_BPs/FLW/FLW_Iridium.uasset" 49
"D:/UE4 Projects/ProjectAcceleracer/Content/Meshes_Materials_Textures/Meshes/Cars/Iridium/IridiumV8_FRWheel.uasset" 50
"D:/UE4 Projects/ProjectAcceleracer/Content/Car_BPs/Wheel_BPs/FRW/FRW_Iridium.uasset" 51
"D:/UE4 Projects/ProjectAcceleracer/Content/Meshes_Materials_Textures/Meshes/Cars/Iridium/IridiumV8_RLWheel.uasset" 52
"D:/UE4 Projects/ProjectAcceleracer/Content/Car_BPs/Wheel_BPs/RLW/RLW_Iridium.uasset" 53
"D:/UE4 Projects/ProjectAcceleracer/Content/Meshes_Materials_Textures/Meshes/Cars/Iridium/IridiumV8_RRWheel.uasset" 54
"D:/UE4 Projects/ProjectAcceleracer/Content/Car_BPs/Wheel_BPs/RRW/RRW_Iridium.uasset" 55
"D:/UE4 Projects/ProjectAcceleracer/Content/Meshes_Materials_Textures/Materials/Mat_Silver_Metal_3.uasset" 56
"D:/UE4 Projects/ProjectAcceleracer/Content/Meshes_Materials_Textures/Materials/Mat_Black.uasset" 57
"D:/UE4 Projects/ProjectAcceleracer/Content/Meshes_Materials_Textures/Materials/Mat_DarkGrey.uasset" 58
"D:/UE4 Projects/ProjectAcceleracer/Content/Meshes_Materials_Textures/Materials/Mat_Green.uasset" 59
"D:/UE4 Projects/ProjectAcceleracer/Content/Meshes_Materials_Textures/Materials/Mat_Grey.uasset" 60
"D:/UE4 Projects/ProjectAcceleracer/Content/Meshes_Materials_Textures/Materials/Mat_Yellow.uasset" 61
"D:/UE4 Projects/ProjectAcceleracer/Content/Meshes_Materials_Textures/Meshes/Cars/Iridium/IridiumV8_Body.uasset" 62
"D:/UE4 Projects/ProjectAcceleracer/Content/Meshes_Materials_Textures/SM_Iridium_PA.uasset" 63
"D:/UE4 Projects/ProjectAcceleracer/Content/Meshes_Materials_Textures/SM_Iridium.uasset" 64
"D:/UE4 Projects/ProjectAcceleracer/Content/Particles/T_Fire_SubUV.uasset" 65
"D:/UE4 Projects/ProjectAcceleracer/Content/Particles/T_Fire_Tiled_D.uasset" 66
"D:/UE4 Projects/ProjectAcceleracer/Content/Particles/M_Fire_SubUV.uasset" 67
"D:/UE4 Projects/ProjectAcceleracer/Content/Particles/NitroxTrail1.uasset" 68
"D:/UE4 Projects/ProjectAcceleracer/Content/Particles/NitroxTrail2.uasset" 69
"D:/UE4 Projects/ProjectAcceleracer/Content/Sound/Engine_07.uasset" 70
"D:/UE4 Projects/ProjectAcceleracer/Content/Car_BPs/Car_Iridium.uasset" 71
"D:/UE4 Projects/ProjectAcceleracer/Content/UI/Images/PA.uasset" 72
"D:/UE4 Projects/ProjectAcceleracer/Content/UI/Images/stormrealm.uasset" 73
"D:/UE4 Projects/ProjectAcceleracer/Content/Meshes_Materials_Textures/SM_Chicane_S.uasset" 74
"D:/UE4 Projects/ProjectAcceleracer/Content/Car_BPs/Animators_Controllers/Anim_Chicane.uasset" 75
"D:/UE4 Projects/ProjectAcceleracer/Content/Meshes_Materials_Textures/Textures/details.uasset" 76
"D:/UE4 Projects/ProjectAcceleracer/Content/Meshes_Materials_Textures/Materials/Synkro_wheel.uasset" 77
"D:/UE4 Projects/ProjectAcceleracer/Content/Meshes_Materials_Textures/Meshes/Cars/Chicane/Chicane_WheelFL.uasset" 78
"D:/UE4 Projects/ProjectAcceleracer/Content/Car_BPs/Wheel_BPs/FLW/FLW_Chicane.uasset" 79
"D:/UE4 Projects/ProjectAcceleracer/Content/Meshes_Materials_Textures/Meshes/Cars/Chicane/Chicane_WheelFR.uasset" 80
"D:/UE4 Projects/ProjectAcceleracer/Content/Car_BPs/Wheel_BPs/FRW/FRW_Chicane.uasset" 81
"D:/UE4 Projects/ProjectAcceleracer/Content/Meshes_Materials_Textures/Meshes/Cars/Chicane/Chicane_WheelBL.uasset" 82
"D:/UE4 Projects/ProjectAcceleracer/Content/Car_BPs/Wheel_BPs/RLW/RLW_Chicane.uasset" 83
"D:/UE4 Projects/ProjectAcceleracer/Content/Meshes_Materials_Textures/Meshes/Cars/Chicane/Chicane_WheelBR.uasset" 84
"D:/UE4 Projects/ProjectAcceleracer/Content/Car_BPs/Wheel_BPs/RRW/RRW_Chicane.uasset" 85
"D:/UE4 Projects/ProjectAcceleracer/Content/Car_BPs/WheelData/TC_Chicane.uasset" 86
"D:/UE4 Projects/ProjectAcceleracer/Content/Car_BPs/WheelData/FW_Chicane.uasset" 87
"D:/UE4 Projects/ProjectAcceleracer/Content/Car_BPs/WheelData/RW_Chicane.uasset" 88
"D:/UE4 Projects/ProjectAcceleracer/Content/Meshes_Materials_Textures/Textures/chicane_body.uasset" 89
"D:/UE4 Projects/ProjectAcceleracer/Content/Meshes_Materials_Textures/Materials/Chicane_Body.uasset" 90
"D:/UE4 Projects/ProjectAcceleracer/Content/Meshes_Materials_Textures/Materials/Mat_Silver_Metal_2.uasset" 91
"D:/UE4 Projects/ProjectAcceleracer/Content/Meshes_Materials_Textures/Materials/Mat_Chicane_Glass.uasset" 92
"D:/UE4 Projects/ProjectAcceleracer/Content/Meshes_Materials_Textures/Materials/Mat_Headlights.uasset" 93
"D:/UE4 Projects/ProjectAcceleracer/Content/Meshes_Materials_Textures/Materials/Mat_Headlights_Blue.uasset" 94
"D:/UE4 Projects/ProjectAcceleracer/Content/Meshes_Materials_Textures/Materials/Mat_Headlights_Red.uasset" 95
"D:/UE4 Projects/ProjectAcceleracer/Content/Meshes_Materials_Textures/Meshes/Cars/Chicane/Chicane_Mesh_0182_rip1.uasset" 96
"D:/UE4 Projects/ProjectAcceleracer/Content/Meshes_Materials_Textures/SM_Chicane_PA.uasset" 97
"D:/UE4 Projects/ProjectAcceleracer/Content/Meshes_Materials_Textures/SM_Chicane.uasset" 98
"D:/UE4 Projects/ProjectAcceleracer/Content/Particles/NitroxTrail1Blue.uasset" 99
"D:/UE4 Projects/ProjectAcceleracer/Content/Particles/NitroxTrail2Blue.uasset" 100
"D:/UE4 Projects/ProjectAcceleracer/Content/Car_BPs/Car_Chicane.uasset" 101
"D:/UE4 Projects/ProjectAcceleracer/Content/Meshes_Materials_Textures/SM_Covelight_S.uasset" 102
"D:/UE4 Projects/ProjectAcceleracer/Content/Car_BPs/Animators_Controllers/Anim_Covelight.uasset" 103
"D:/UE4 Projects/ProjectAcceleracer/Content/Meshes_Materials_Textures/Meshes/Cars/Covelight/Covelight_WheelFL.uasset" 104
"D:/UE4 Projects/ProjectAcceleracer/Content/Car_BPs/Wheel_BPs/FLW/FLW_Covelight.uasset" 105
"D:/UE4 Projects/ProjectAcceleracer/Content/Meshes_Materials_Textures/Meshes/Cars/Covelight/Covelight_WheelFR.uasset" 106
"D:/UE4 Projects/ProjectAcceleracer/Content/Car_BPs/Wheel_BPs/FRW/FRW_Covelight.uasset" 107
"D:/UE4 Projects/ProjectAcceleracer/Content/Meshes_Materials_Textures/Meshes/Cars/Covelight/Covelight_WheelBL.uasset" 108
"D:/UE4 Projects/ProjectAcceleracer/Content/Car_BPs/Wheel_BPs/RLW/RLW_Covelight.uasset" 109
"D:/UE4 Projects/ProjectAcceleracer/Content/Meshes_Materials_Textures/Meshes/Cars/Covelight/Covelight_WheelBR.uasset" 110
"D:/UE4 Projects/ProjectAcceleracer/Content/Car_BPs/Wheel_BPs/RRW/RRW_Covelight.uasset" 111
"D:/UE4 Projects/ProjectAcceleracer/Content/Car_BPs/WheelData/TC_Covelight.uasset" 112
"D:/UE4 Projects/ProjectAcceleracer/Content/Car_BPs/WheelData/FW_Covelight.uasset" 113
"D:/UE4 Projects/ProjectAcceleracer/Content/Car_BPs/WheelData/RW_Covelight.uasset" 114
"D:/UE4 Projects/ProjectAcceleracer/Content/Meshes_Materials_Textures/Materials/Mat_Purple_Glass_Inst.uasset" 115
"D:/UE4 Projects/ProjectAcceleracer/Content/Meshes_Materials_Textures/Meshes/Cars/Covelight/CovelightBody.uasset" 116
"D:/UE4 Projects/ProjectAcceleracer/Content/Meshes_Materials_Textures/SM_Covelight_PA.uasset" 117
"D:/UE4 Projects/ProjectAcceleracer/Content/Meshes_Materials_Textures/SM_Covelight.uasset" 118
"D:/UE4 Projects/ProjectAcceleracer/Content/Sound/Engine_03.uasset" 119
"D:/UE4 Projects/ProjectAcceleracer/Content/Car_BPs/Car_Covelight.uasset" 120
"D:/UE4 Projects/ProjectAcceleracer/Content/Meshes_Materials_Textures/SM_Nightburner_S.uasset" 121
"D:/UE4 Projects/ProjectAcceleracer/Content/Car_BPs/Animators_Controllers/Anim_Nightburner.uasset" 122
"D:/UE4 Projects/ProjectAcceleracer/Content/Meshes_Materials_Textures/Meshes/Cars/Nightburner/Nightburner_FLW.uasset" 123
"D:/UE4 Projects/ProjectAcceleracer/Content/Car_BPs/Wheel_BPs/FLW/FLW_Nightburner.uasset" 124
"D:/UE4 Projects/ProjectAcceleracer/Content/Meshes_Materials_Textures/Meshes/Cars/Nightburner/Nightburner_FRW.uasset" 125
"D:/UE4 Projects/ProjectAcceleracer/Content/Car_BPs/Wheel_BPs/FRW/FRW_Nightburner.uasset" 126
"D:/UE4 Projects/ProjectAcceleracer/Content/Meshes_Materials_Textures/Meshes/Cars/Nightburner/Nightburner_RLW.uasset" 127
"D:/UE4 Projects/ProjectAcceleracer/Content/Car_BPs/Wheel_BPs/RLW/RLW_Nightburner.uasset" 128
"D:/UE4 Projects/ProjectAcceleracer/Content/Meshes_Materials_Textures/Meshes/Cars/Nightburner/Nightburner_RRW.uasset" 129
"D:/UE4 Projects/ProjectAcceleracer/Content/Car_BPs/Wheel_BPs/RRW/RRW_Nightburner.uasset" 130
"D:/UE4 Projects/ProjectAcceleracer/Content/Car_BPs/WheelData/TC_Nightburner.uasset" 131
"D:/UE4 Projects/ProjectAcceleracer/Content/Car_BPs/WheelData/FW_Nightburner.uasset" 132
"D:/UE4 Projects/ProjectAcceleracer/Content/Car_BPs/WheelData/RW_Nightburner.uasset" 133
"D:/UE4 Projects/ProjectAcceleracer/Content/Meshes_Materials_Textures/Textures/NightburnerTexture.uasset" 134
"D:/UE4 Projects/ProjectAcceleracer/Content/Meshes_Materials_Textures/Materials/NightBurner_Body.uasset" 135
"D:/UE4 Projects/ProjectAcceleracer/Content/Meshes_Materials_Textures/Meshes/Cars/Nightburner/Nightburner_Cube.uasset" 136
"D:/UE4 Projects/ProjectAcceleracer/Content/Meshes_Materials_Textures/SM_Nightburner_PA.uasset" 137
"D:/UE4 Projects/ProjectAcceleracer/Content/Meshes_Materials_Textures/SM_Nightburner.uasset" 138
"D:/UE4 Projects/ProjectAcceleracer/Content/Car_BPs/Car_Nightburner.uasset" 139
"D:/UE4 Projects/ProjectAcceleracer/Content/Meshes_Materials_Textures/SM_Synkro_S.uasset" 140
"D:/UE4 Projects/ProjectAcceleracer/Content/Car_BPs/Animators_Controllers/Anim_Synkro.uasset" 141
"D:/UE4 Projects/ProjectAcceleracer/Content/Meshes_Materials_Textures/Meshes/Cars/Synkro/WheelSetSynkro_WheelFL.uasset" 142
"D:/UE4 Projects/ProjectAcceleracer/Content/Car_BPs/Wheel_BPs/FLW/FLW_Synkro.uasset" 143
"D:/UE4 Projects/ProjectAcceleracer/Content/Meshes_Materials_Textures/Meshes/Cars/Synkro/WheelSetSynkro_WheelFR.uasset" 144
"D:/UE4 Projects/ProjectAcceleracer/Content/Car_BPs/Wheel_BPs/FRW/FRW_Synkro.uasset" 145
"D:/UE4 Projects/ProjectAcceleracer/Content/Meshes_Materials_Textures/Meshes/Cars/Synkro/WheelSetSynkro_WheelBL.uasset" 146
"D:/UE4 Projects/ProjectAcceleracer/Content/Car_BPs/Wheel_BPs/RLW/RLW_Synkro.uasset" 147
"D:/UE4 Projects/ProjectAcceleracer/Content/Meshes_Materials_Textures/Meshes/Cars/Synkro/WheelSetSynkro_WheelBR.uasset" 148
"D:/UE4 Projects/ProjectAcceleracer/Content/Car_BPs/Wheel_BPs/RRW/RRW_Synkro.uasset" 149
"D:/UE4 Projects/ProjectAcceleracer/Content/Car_BPs/WheelData/TC_Synkro.uasset" 150
"D:/UE4 Projects/ProjectAcceleracer/Content/Car_BPs/WheelData/FW_Synkro.uasset" 151
"D:/UE4 Projects/ProjectAcceleracer/Content/Car_BPs/WheelData/RW_Synkro.uasset" 152
"D:/UE4 Projects/ProjectAcceleracer/Content/Meshes_Materials_Textures/Textures/texture.uasset" 153
"D:/UE4 Projects/ProjectAcceleracer/Content/Meshes_Materials_Textures/Materials/Synkro_Body.uasset" 154
"D:/UE4 Projects/ProjectAcceleracer/Content/Meshes_Materials_Textures/Materials/Mat_Blue_Glass.uasset" 155
"D:/UE4 Projects/ProjectAcceleracer/Content/Meshes_Materials_Textures/Meshes/Cars/Synkro/SynkroWithWheels_1__Synkro.uasset" 156
"D:/UE4 Projects/ProjectAcceleracer/Content/Meshes_Materials_Textures/SM_Synkro_PA.uasset" 157
"D:/UE4 Projects/ProjectAcceleracer/Content/Meshes_Materials_Textures/SM_Synkro.uasset" 158
"D:/UE4 Projects/ProjectAcceleracer/Content/Car_BPs/Car_Synkro.uasset" 159
"D:/UE4 Projects/ProjectAcceleracer/Content/Car_BPs/Spectator.uasset" 160
"D:/UE4 Projects/ProjectAcceleracer/Content/UI/Images/camlogo.uasset" 161
"D:/UE4 Projects/ProjectAcceleracer/Content/UI/Images/ChicaneLogo.uasset" 162
"D:/UE4 Projects/ProjectAcceleracer/Content/UI/Images/CovelightLogo.uasset" 163
"D:/UE4 Projects/ProjectAcceleracer/Content/UI/Images/IridiumLogo.uasset" 164
"D:/UE4 Projects/ProjectAcceleracer/Content/UI/Images/Logo.uasset" 165
"D:/UE4 Projects/ProjectAcceleracer/Content/UI/Images/MenuBar.uasset" 166
"D:/UE4 Projects/ProjectAcceleracer/Content/UI/Images/NightburnerLogo.uasset" 167
"D:/UE4 Projects/ProjectAcceleracer/Content/UI/Images/Silencerz_Logo.uasset" 168
"D:/UE4 Projects/ProjectAcceleracer/Content/UI/Images/SynkroLogo.uasset" 169
"D:/UE4 Projects/ProjectAcceleracer/Content/UI/Images/Teku_Logo.uasset" 170
"D:/UE4 Projects/ProjectAcceleracer/Content/UI/MainMenu/CarSlot.uasset" 171
"D:/UE4 Projects/ProjectAcceleracer/Content/UI/Images/waterrealm.uasset" 172
"D:/UE4 Projects/ProjectAcceleracer/Content/UI/MainMenu/LevelSLot.uasset" 173
"D:/UE4 Projects/ProjectAcceleracer/Content/UI/MainMenu/LevelSelection.uasset" 174
"D:/UE4 Projects/ProjectAcceleracer/Content/UI/MainMenu/CarSelection.uasset" 175
"D:/UE4 Projects/ProjectAcceleracer/Content/UI/MainMenu/Options.uasset" 176
"D:/UE4 Projects/ProjectAcceleracer/Content/UI/MainMenu/HomeScreen.uasset" 177
"D:/UE4 Projects/ProjectAcceleracer/Content/UI/Multiplayer/HostMenu.uasset" 178
"D:/UE4 Projects/ProjectAcceleracer/Content/Maps_Modes/Modes/MyGameInstance.uasset" 179
"D:/UE4 Projects/ProjectAcceleracer/Content/UI/MainMenu/ServerSlot.uasset" 180
"D:/UE4 Projects/ProjectAcceleracer/Content/UI/MainMenu/PlayOnline.uasset" 181
"D:/UE4 Projects/ProjectAcceleracer/Content/UI/MainMenu.uasset" 182
"D:/UE4 Projects/ProjectAcceleracer/Content/MainMenu.uasset" 183
"../../../Engine/Content/Functions/Engine_MaterialFunctions01/Texturing/FlattenNormal.uasset" 184
"../../../Engine/Content/EngineMaterials/DefaultPhysicalMaterial.uasset" 185
"D:/UE4 Projects/ProjectAcceleracer/Content/Meshes_Materials_Textures/Textures/T_ar_track_C.uasset" 186
"D:/UE4 Projects/ProjectAcceleracer/Content/Meshes_Materials_Textures/Textures/T_ar_track_E.uasset" 187
"D:/UE4 Projects/ProjectAcceleracer/Content/Meshes_Materials_Textures/Textures/T_ar_track_N.uasset" 188
"D:/UE4 Projects/ProjectAcceleracer/Content/Meshes_Materials_Textures/Textures/T_ar_track_ORM.uasset" 189
"D:/UE4 Projects/ProjectAcceleracer/Content/Meshes_Materials_Textures/Materials/TrackMaterials/Mat_Track1.uasset" 190
"D:/UE4 Projects/ProjectAcceleracer/Content/Meshes_Materials_Textures/Meshes/MainTrack2.uasset" 191
"D:/UE4 Projects/ProjectAcceleracer/Content/SM_ar_track_1_.uasset" 192
"D:/UE4 Projects/ProjectAcceleracer/Content/GoodSky/Source/Textures/T_GoodSky_noise_smooth.uasset" 193
"D:/UE4 Projects/ProjectAcceleracer/Content/GoodSky/Source/Materials/Material_Function/MF_GoodSky_LightningFlick.uasset" 194
"D:/UE4 Projects/ProjectAcceleracer/Content/GoodSky/Source/Materials/Light_Function/M_GoodSky_StormLightning_LightFunction.uasset" 195
"D:/UE4 Projects/ProjectAcceleracer/Content/Car_BPs/Animators_Controllers/Controller1.uasset" 196
"D:/UE4 Projects/ProjectAcceleracer/Content/Maps_Modes/Modes/MainMenuMode.uasset" 197
"D:/UE4 Projects/ProjectAcceleracer/Content/Maps_Modes/MainMenuMode.uasset" 198
"D:/UE4 Projects/ProjectAcceleracer/Content/Car_BPs/Animators_Controllers/Controller.uasset" 199
"D:/UE4 Projects/ProjectAcceleracer/Content/Maps_Modes/Modes/MyGameState.uasset" 200
"D:/UE4 Projects/ProjectAcceleracer/Content/Maps_Modes/Modes/MyPlayerState.uasset" 201
"D:/UE4 Projects/ProjectAcceleracer/Content/Maps_Modes/Modes/MyGameMode.uasset" 202
"D:/UE4 Projects/ProjectAcceleracer/Content/Maps_Modes/MyGameMode.uasset" 203
"D:/UE4 Projects/ProjectAcceleracer/Content/Maps_Modes/Modes/PhysMat_Water.uasset" 204
"D:/UE4 Projects/ProjectAcceleracer/Content/Maps_Modes/Modes/PlayerData.uasset" 205
"D:/UE4 Projects/ProjectAcceleracer/Content/Maps_Modes/Modes/PlayerSaveGame.uasset" 206
"D:/UE4 Projects/ProjectAcceleracer/Content/Meshes_Materials_Textures/Textures/normalmap.uasset" 207
"D:/UE4 Projects/ProjectAcceleracer/Content/Meshes_Materials_Textures/Textures/TD_Track.uasset" 208
"D:/UE4 Projects/ProjectAcceleracer/Content/Meshes_Materials_Textures/Materials/TrackMaterials/Mat_Track.uasset" 209
"D:/UE4 Projects/ProjectAcceleracer/Content/Meshes_Materials_Textures/Materials/Mat_Track.uasset" 210
"D:/UE4 Projects/ProjectAcceleracer/Content/Meshes_Materials_Textures/Materials/TrackMaterials/Mat_TrackWall.uasset" 211
"D:/UE4 Projects/ProjectAcceleracer/Content/Meshes_Materials_Textures/Materials/Mat_TrackWall.uasset" 212
"D:/UE4 Projects/ProjectAcceleracer/Content/Meshes_Materials_Textures/Textures/T_Ice_A.uasset" 213
"D:/UE4 Projects/ProjectAcceleracer/Content/Meshes_Materials_Textures/Textures/T_Ice_B_Norm.uasset" 214
"D:/UE4 Projects/ProjectAcceleracer/Content/Meshes_Materials_Textures/Textures/TD_Track4.uasset" 215
"D:/UE4 Projects/ProjectAcceleracer/Content/Meshes_Materials_Textures/Materials/TrackMaterials/Mat_Track_Ice.uasset" 216
"D:/UE4 Projects/ProjectAcceleracer/Content/Meshes_Materials_Textures/Materials/Mat_Track_Ice.uasset" 217
"D:/UE4 Projects/ProjectAcceleracer/Content/Meshes_Materials_Textures/Materials/Mat_Track_Slip.uasset" 218
"D:/UE4 Projects/ProjectAcceleracer/Content/Meshes_Materials_Textures/Textures/TD_Track3.uasset" 219
"D:/UE4 Projects/ProjectAcceleracer/Content/Meshes_Materials_Textures/Materials/TrackMaterials/Mat_Track_Swamp.uasset" 220
"D:/UE4 Projects/ProjectAcceleracer/Content/Meshes_Materials_Textures/Materials/Mat_Track_Swamp.uasset" 221
"D:/UE4 Projects/ProjectAcceleracer/Content/Meshes_Materials_Textures/Materials/TrackMaterials/Mat_Track_Swamp_Groove.uasset" 222
"D:/UE4 Projects/ProjectAcceleracer/Content/Meshes_Materials_Textures/Materials/Mat_Track_Swamp_Groove.uasset" 223
"D:/UE4 Projects/ProjectAcceleracer/Content/Meshes_Materials_Textures/Materials/TrackMaterials/Mat_Track_Swamp_PartialGroove.uasset" 224
"D:/UE4 Projects/ProjectAcceleracer/Content/Meshes_Materials_Textures/Materials/Mat_Track_Swamp_PartialGroove.uasset" 225
"D:/UE4 Projects/ProjectAcceleracer/Content/Meshes_Materials_Textures/Materials/TrackMaterials/Mat_Track_Inst.uasset" 226
"D:/UE4 Projects/ProjectAcceleracer/Content/Meshes_Materials_Textures/Materials/Mat_Glass.uasset" 227
"D:/UE4 Projects/ProjectAcceleracer/Content/Meshes_Materials_Textures/Textures/T_ar_water_ring_C.uasset" 228
"D:/UE4 Projects/ProjectAcceleracer/Content/Meshes_Materials_Textures/Textures/T_ar_water_ring_N.uasset" 229
"D:/UE4 Projects/ProjectAcceleracer/Content/Meshes_Materials_Textures/Textures/T_ar_water_ring_ORM.uasset" 230
"D:/UE4 Projects/ProjectAcceleracer/Content/Meshes_Materials_Textures/Materials/TrackMaterials/Mat_Track_Tunnel.uasset" 231
"D:/UE4 Projects/ProjectAcceleracer/Content/Meshes_Materials_Textures/Materials/TrackMaterials/Mat_Track_Tunnel2.uasset" 232
"D:/UE4 Projects/ProjectAcceleracer/Content/Meshes_Materials_Textures/Meshes/MainTrack2_Tunnel.uasset" 233
"D:/UE4 Projects/ProjectAcceleracer/Content/Meshes_Materials_Textures/Meshes/SM_ar_water_tunnel_2_.uasset" 234
"D:/UE4 Projects/ProjectAcceleracer/Content/Meshes_Materials_Textures/Textures/138-1386397_vector-wheel-flame-imagens-hot-wheels-png.uasset" 235
"D:/UE4 Projects/ProjectAcceleracer/Content/Meshes_Materials_Textures/Textures/BaseNorm.uasset" 236
"D:/UE4 Projects/ProjectAcceleracer/Content/Meshes_Materials_Textures/Textures/noise.uasset" 237
"D:/UE4 Projects/ProjectAcceleracer/Content/Meshes_Materials_Textures/Textures/TD_Track5.uasset" 238
"D:/UE4 Projects/ProjectAcceleracer/Content/Meshes_Materials_Textures/Textures/T_SnowMound_01_N.uasset" 239
"D:/UE4 Projects/ProjectAcceleracer/Content/Ocean/Heightmap.uasset" 240
"D:/UE4 Projects/ProjectAcceleracer/Content/Ocean/Ocean/Materials/MF_BlendZ.uasset" 241
"../../../Engine/Content/Functions/Engine_MaterialFunctions02/Utility/CameraDirectionVector.uasset" 242
"D:/UE4 Projects/ProjectAcceleracer/Content/Ocean/Ocean/Materials/MF_DepthToWorldPosition.uasset" 243
"../../../Engine/Content/Functions/Engine_MaterialFunctions01/Gradient/LinearGradient.uasset" 244
"../../../Engine/Content/Functions/Engine_MaterialFunctions01/ImageAdjustment/BlurSampleOffsets.uasset" 245
"../../../Engine/Content/Functions/Engine_MaterialFunctions01/ImageAdjustment/CheapContrast.uasset" 246
"../../../Engine/Content/EngineDebugMaterials/HeatmapGradient.uasset" 247
"../../../Engine/Content/Functions/Engine_MaterialFunctions01/ImageAdjustment/CheapContrast_RGB.uasset" 248
"../../../Engine/Content/Functions/Engine_MaterialFunctions01/ImageAdjustment/SCurve.uasset" 249
"D:/UE4 Projects/ProjectAcceleracer/Content/Ocean/Ocean/Materials/M_WetLensPP.uasset" 250
"../../../Engine/Content/Functions/Engine_MaterialFunctions02/Math/Pi.uasset" 251
"../../../Engine/Content/Functions/Engine_MaterialFunctions02/Texturing/CustomRotator.uasset" 252
"../../../Engine/Content/Functions/Engine_MaterialFunctions02/Utility/MakeFloat3.uasset" 253
"D:/UE4 Projects/ProjectAcceleracer/Content/Ocean/Ocean/Materials/MPC_Ocean.uasset" 254
"D:/UE4 Projects/ProjectAcceleracer/Content/Ocean/Ocean/Materials/MF_Gerstner_Wave.uasset" 255
"../../../Engine/Content/Functions/Engine_MaterialFunctions02/Utility/BreakOutFloat4Components.uasset" 256
"D:/UE4 Projects/ProjectAcceleracer/Content/Ocean/Ocean/Materials/MF_Gerstner_Wave_Set.uasset" 257
"../../../Engine/Content/Functions/Engine_MaterialFunctions02/Utility/VectorLength.uasset" 258
"D:/UE4 Projects/ProjectAcceleracer/Content/Ocean/Ocean/Materials/MF_HeightModulation.uasset" 259
"../../../Engine/Content/EngineMaterials/T_Default_MacroVariation.uasset" 260
"D:/UE4 Projects/ProjectAcceleracer/Content/Ocean/Ocean/Materials/Motion_4WayChaosShared.uasset" 261
"../../../Engine/Content/EngineResources/DefaultTexture.uasset" 262
"D:/UE4 Projects/ProjectAcceleracer/Content/Ocean/Ocean/Textures/T_LargeWaves_H.uasset" 263
"D:/UE4 Projects/ProjectAcceleracer/Content/Ocean/Ocean/Materials/M_Ocean_Versions/M_Ocean_Depth.uasset" 264
"D:/UE4 Projects/ProjectAcceleracer/Content/Ocean/Ocean/Materials/M_Ocean_Versions/M_Inst_Ocean_Depth_Nogerstner.uasset" 265
"D:/UE4 Projects/ProjectAcceleracer/Content/Ocean/Ocean/Materials/M_Ocean_Versions/M_Inst_Ocean_Depth_Ultra.uasset" 266
"../../../Engine/Content/Functions/Engine_MaterialFunctions02/Math/TimeWithSpeedVariable.uasset" 267
"../../../Engine/Content/Engine_MI_Shaders/T_Base_Tile_Normal.uasset" 268
"D:/UE4 Projects/ProjectAcceleracer/Content/Ocean/Ocean/Materials/Motion_4WayChaos_NormalShared.uasset" 269
"D:/UE4 Projects/ProjectAcceleracer/Content/Ocean/Ocean/Materials/SSS.uasset" 270
"../../../Engine/Content/MapTemplates/Sky/Desert_Outer_HDR.uasset" 271
"D:/UE4 Projects/ProjectAcceleracer/Content/Ocean/Ocean/Textures/T_Foam_D.uasset" 272
"D:/UE4 Projects/ProjectAcceleracer/Content/Ocean/Ocean/Textures/T_Foam_normal.uasset" 273
"D:/UE4 Projects/ProjectAcceleracer/Content/Ocean/Ocean/Textures/T_Foam_roughness.uasset" 274
"D:/UE4 Projects/ProjectAcceleracer/Content/Ocean/Ocean/Textures/T_Perlin_Noise_M.uasset" 275
"D:/UE4 Projects/ProjectAcceleracer/Content/Ocean/Ocean/Textures/T_Seafoam_01.uasset" 276
"D:/UE4 Projects/ProjectAcceleracer/Content/Ocean/Ocean/Materials/M_Ocean_Versions/M_Ocean.uasset" 277
"D:/UE4 Projects/ProjectAcceleracer/Content/Ocean/Ocean/Materials/M_Ocean_Versions/M_Inst_Ocean_Foam.uasset" 278
"D:/UE4 Projects/ProjectAcceleracer/Content/Ocean/Ocean/Materials/M_Ocean_Versions/M_Inst_Ocean_Foam_Cubemap.uasset" 279
"D:/UE4 Projects/ProjectAcceleracer/Content/Ocean/Ocean/Materials/M_Ocean_Versions/M_Inst_Ocean_Nogerstner.uasset" 280
"D:/UE4 Projects/ProjectAcceleracer/Content/Ocean/Ocean/Materials/M_Ocean_Versions/M_Ocean_SSR.uasset" 281
"D:/UE4 Projects/ProjectAcceleracer/Content/Ocean/Ocean/Materials/M_Ocean_Versions/M_Inst_Ocean_SSR_Foam.uasset" 282
"D:/UE4 Projects/ProjectAcceleracer/Content/Ocean/Ocean/Materials/M_Ocean_Versions/M_Inst_Ocean_SSR_Foam_Cubemap.uasset" 283
"D:/UE4 Projects/ProjectAcceleracer/Content/Ocean/Ocean/Materials/M_Ocean_Versions/M_Inst_Ocean_SSR_Nogerstner.uasset" 284
"../../../Engine/Content/Functions/Engine_MaterialFunctions01/ImageAdjustment/3ColorBlend.uasset" 285
"../../../Engine/Content/Functions/Engine_MaterialFunctions02/Gradients/SmoothCurve.uasset" 286
"../../../Engine/Content/Functions/Engine_MaterialFunctions02/Lerp_Multiple_Float3.uasset" 287
"../../../Engine/Content/EngineMaterials/BlendFunc_DefBase.uasset" 288
"../../../Engine/Content/EngineMaterials/BlendFunc_DefBlend.uasset" 289
"../../../Engine/Content/Functions/Engine_MaterialFunctions03/Blends/Blend_Lighten.uasset" 290
"../../../Engine/Content/Functions/Engine_MaterialFunctions03/ComplexMotion/Motion_4WayChaos_Normal.uasset" 291
"../../../Engine/Content/Functions/Engine_MaterialFunctions03/Texturing/TwoSidedTexturing.uasset" 292
"D:/UE4 Projects/ProjectAcceleracer/Content/Ocean/Ocean/Materials/MF_Panner.uasset" 293
"D:/UE4 Projects/ProjectAcceleracer/Content/Ocean/Ocean/Textures/T_LargeWaves_N.uasset" 294
"D:/UE4 Projects/ProjectAcceleracer/Content/Ocean/Ocean/Textures/T_OceanFoam02_normal.uasset" 295
"D:/UE4 Projects/ProjectAcceleracer/Content/Ocean/Ocean/Textures/T_OceanFoam02_Rotated_normal.uasset" 296
"D:/UE4 Projects/ProjectAcceleracer/Content/Ocean/Ocean/Textures/T_Sky_Non_HDRI.uasset" 297
"D:/UE4 Projects/ProjectAcceleracer/Content/Ocean/Ocean/Textures/T_Water_N.uasset" 298
"D:/UE4 Projects/ProjectAcceleracer/Content/Ocean/Ocean/Materials/M_Ocean_Versions/M_Ocean_Ultra.uasset" 299
"D:/UE4 Projects/ProjectAcceleracer/Content/Ocean/Ocean/Materials/M_Ocean_Versions/M_Inst_Ocean_Ultra.uasset" 300
"../../../Engine/Content/Functions/Engine_MaterialFunctions02/Utility/BreakOutFloat3Components.uasset" 301
"D:/UE4 Projects/ProjectAcceleracer/Content/Ocean/Ocean/Materials/MF_OceanSSS.uasset" 302
"D:/UE4 Projects/ProjectAcceleracer/Content/Ocean/Ocean/Textures/T_OceanFoam_01.uasset" 303
"D:/UE4 Projects/ProjectAcceleracer/Content/Ocean/Ocean/Textures/T_OceanFoam_M.uasset" 304
"D:/UE4 Projects/ProjectAcceleracer/Content/Ocean/Ocean/Materials/M_Ocean_Versions/M_Ocean_Old.uasset" 305
"../../../Engine/Content/Functions/Engine_MaterialFunctions02/Math/AddComponents.uasset" 306
"../../../Engine/Content/Functions/Engine_MaterialFunctions02/Utility/BlendAngleCorrectedNormals.uasset" 307
"../../../Engine/Content/EngineMaterials/WeightMapPlaceholderTexture.uasset" 308
"D:/UE4 Projects/ProjectAcceleracer/Content/Ocean/Ocean/Textures/T_Sand_D.uasset" 309
"D:/UE4 Projects/ProjectAcceleracer/Content/Ocean/Ocean/Textures/T_Sand_M.uasset" 310
"D:/UE4 Projects/ProjectAcceleracer/Content/Ocean/Ocean/Textures/T_Sand_N.uasset" 311
"D:/UE4 Projects/ProjectAcceleracer/Content/Ocean/Ocean/Textures/T_SandDunes_N.uasset" 312
"D:/UE4 Projects/ProjectAcceleracer/Content/Ocean/Ocean/Textures/T_SandDunes_N_DISP.uasset" 313
"D:/UE4 Projects/ProjectAcceleracer/Content/Ocean/Ocean/Materials/Sand/M_Sand.uasset" 314
"D:/UE4 Projects/ProjectAcceleracer/Content/Ocean/Ocean/Materials/Sand/M_Sand_Inst.uasset" 315
"D:/UE4 Projects/ProjectAcceleracer/Content/Ocean/Ocean/Textures/droplet-normal.uasset" 316
"D:/UE4 Projects/ProjectAcceleracer/Content/Ocean/Ocean/Textures/T_Caustics.uasset" 317
"D:/UE4 Projects/ProjectAcceleracer/Content/Ocean/Ocean/Textures/T_ExampleTerrainHeightmap.uasset" 318
"D:/UE4 Projects/ProjectAcceleracer/Content/Ocean/Ocean/Textures/T_TileDroplets_A.uasset" 319
"D:/UE4 Projects/ProjectAcceleracer/Content/Ocean/Ocean/Textures/T_TileDroplets_N.uasset" 320
"D:/UE4 Projects/ProjectAcceleracer/Content/Ocean/Ocean/Textures/T_TileNoise.uasset" 321
"D:/UE4 Projects/ProjectAcceleracer/Content/Ocean/Ocean/Textures/T_WaterDrop_N.uasset" 322
"D:/UE4 Projects/ProjectAcceleracer/Content/Ocean/Ocean/Textures/WaveIcon.uasset" 323
"D:/UE4 Projects/ProjectAcceleracer/Content/UI/HomeScreen.uasset" 324
"D:/UE4 Projects/ProjectAcceleracer/Content/UI/Multiplayer/ChatText.uasset" 325
"D:/UE4 Projects/ProjectAcceleracer/Content/UI/Multiplayer/ChatWindow.uasset" 326
"D:/UE4 Projects/ProjectAcceleracer/Content/UI/Multiplayer/ConnectedPlayer.uasset" 327
"D:/UE4 Projects/ProjectAcceleracer/Content/UI/Multiplayer/GamePlayChat.uasset" 328
"D:/UE4 Projects/ProjectAcceleracer/Content/UI/Multiplayer/LobbyMenu.uasset" 329
"D:/UE4 Projects/ProjectAcceleracer/Content/UI/Multiplayer/PlayerButton.uasset" 330
"../../../Engine/Content/Animation/DefaultAnimCurveCompressionSettings.uasset" 331
"../../../Engine/Content/Functions/Engine_MaterialFunctions01/Opacity/CameraDepthFade.uasset" 332
"../../../Engine/Content/EngineMaterials/T_Default_Material_Grid_M.uasset" 333
"../../../Engine/Content/EngineMaterials/T_Default_Material_Grid_N.uasset" 334
"../../../Engine/Content/EngineMaterials/WorldGridMaterial.uasset" 335
"../../../Engine/Content/ArtTools/RenderToTexture/Meshes/S_1_Unit_Plane.uasset" 336
"../../../Engine/Content/EngineMaterials/DefaultMaterial.uasset" 337
"../../../Engine/Content/BasicShapes/Cone.uasset" 338
"../../../Engine/Content/BasicShapes/Cube.uasset" 339
"../../../Engine/Content/EditorMaterials/MAT_Groups_Toggle.uasset" 340
"../../../Engine/Content/EditorMaterials/MAT_Groups_Visibility.uasset" 341
"../../../Engine/Content/EditorMaterials/PreviewShadowIndicator.uasset" 342
"../../../Engine/Content/EditorMaterials/PreviewShadowIndicatorMaterial.uasset" 343
"../../../Engine/Content/EditorMaterials/MatineeGroups/MAT_ColorTrack.uasset" 344
"../../../Engine/Content/EditorMaterials/MatineeGroups/MAT_Groups_Anim.uasset" 345
"../../../Engine/Content/EditorMaterials/MatineeGroups/MAT_Groups_AudioMaster.uasset" 346
"../../../Engine/Content/EditorMaterials/MatineeGroups/MAT_Groups_Director.uasset" 347
"../../../Engine/Content/EditorMaterials/MatineeGroups/MAT_Groups_Event.uasset" 348
"../../../Engine/Content/EditorMaterials/MatineeGroups/MAT_Groups_Fade.uasset" 349
"../../../Engine/Content/EditorMaterials/MatineeGroups/MAT_Groups_Float.uasset" 350
"../../../Engine/Content/EditorMaterials/MatineeGroups/MAT_Groups_Move.uasset" 351
"../../../Engine/Content/EditorMaterials/MatineeGroups/MAT_Groups_Slomo.uasset" 352
"../../../Engine/Content/EditorMaterials/MatineeGroups/MAT_Groups_Sound.uasset" 353
"../../../Engine/Content/EditorMaterials/MatineeGroups/MAT_Groups_Vector.uasset" 354
"../../../Engine/Content/EditorMaterials/ParticleSystems/PSysThumbnail_NoImage.uasset" 355
"../../../Engine/Content/EditorMaterials/ParticleSystems/PSysThumbnail_OOD.uasset" 356
"../../../Engine/Content/EditorMaterials/Camera/CineMat.uasset" 357
"../../../Engine/Content/EditorMaterials/Camera/MI_CineMat_Rig.uasset" 358
"../../../Engine/Content/EditorMeshes/Camera/SM_CraneRig_Arm.uasset" 359
"../../../Engine/Content/EditorMeshes/Camera/SM_CraneRig_Base.uasset" 360
"../../../Engine/Content/EditorMeshes/Camera/SM_CraneRig_Body.uasset" 361
"../../../Engine/Content/EditorMeshes/Camera/SM_CraneRig_Mount.uasset" 362
"../../../Engine/Content/EditorMeshes/Camera/SM_RailRig_Mount.uasset" 363
"../../../Engine/Content/EditorMeshes/Camera/SM_RailRig_Track.uasset" 364
"../../../Engine/Content/EditorResources/BSPVertex.uasset" 365
"../../../Engine/Content/EditorResources/EmptyActor.uasset" 366
"../../../Engine/Content/EditorResources/S_Actor.uasset" 367
"../../../Engine/Content/EditorResources/S_Note.uasset" 368
"../../../Engine/Content/EditorResources/S_Solver.uasset" 369
"../../../Engine/Content/EditorResources/S_Trigger.uasset" 370
"../../../Engine/Content/EditorResources/LightIcons/S_LightError.uasset" 371
"../../../Engine/Content/EditorResources/SequenceRecorder/Countdown.uasset" 372
"../../../Engine/Content/EditorResources/SequenceRecorder/RecordingIndicator.uasset" 373
"../../../Engine/Content/EditorSounds/Notifications/CompileFailed.uasset" 374
"../../../Engine/Content/EditorSounds/Notifications/CompileFailed_Cue.uasset" 375
"../../../Engine/Content/EditorSounds/Notifications/CompileSuccess.uasset" 376
"../../../Engine/Content/EditorSounds/Notifications/CompileStart_Cue.uasset" 377
"../../../Engine/Content/EditorSounds/Notifications/CompileSuccess_Cue.uasset" 378
"../../../Engine/Content/EngineDamageTypes/DmgTypeBP_Environmental.uasset" 379
"../../../Engine/Content/EngineDebugMaterials/DebugEditorMaterial.uasset" 380
"../../../Engine/Content/EngineDebugMaterials/DebugMeshMaterial.uasset" 381
"../../../Engine/Content/EngineDebugMaterials/M_SimpleUnlitTranslucent.uasset" 382
"../../../Engine/Content/EngineDebugMaterials/VolumeToRender.uasset" 383
"../../../Engine/Content/EngineDebugMaterials/M_VolumeRenderSphereTracePP.uasset" 384
"../../../Engine/Content/EngineDebugMaterials/WireframeMaterial.uasset" 385
"../../../Engine/Content/EngineFonts/Faces/DroidSansFallback.uasset" 386
"../../../Engine/Content/EngineFonts/Faces/RobotoBold.uasset" 387
"../../../Engine/Content/EngineFonts/Faces/RobotoBoldItalic.uasset" 388
"../../../Engine/Content/EngineFonts/Faces/RobotoItalic.uasset" 389
"../../../Engine/Content/EngineFonts/Faces/RobotoLight.uasset" 390
"../../../Engine/Content/EngineFonts/Faces/RobotoRegular.uasset" 391
"../../../Engine/Content/EngineFonts/Roboto.uasset" 392
"../../../Engine/Content/EngineMaterials/BaseFlattenDiffuseMap.uasset" 393
"../../../Engine/Content/EngineMaterials/BaseFlattenEmissiveMap.uasset" 394
"../../../Engine/Content/EngineMaterials/BaseFlattenGrayscaleMap.uasset" 395
"../../../Engine/Content/EngineMaterials/BaseFlattenNormalMap.uasset" 396
"../../../Engine/Content/EngineMaterials/BaseFlattenMaterial.uasset" 397
"../../../Engine/Content/EngineMaterials/BlueNoise.uasset" 398
"../../../Engine/Content/EngineMaterials/DefaultBloomKernel.uasset" 399
"../../../Engine/Content/EngineMaterials/DefaultBokeh.uasset" 400
"../../../Engine/Content/EngineMaterials/DefaultDiffuse.uasset" 401
"../../../Engine/Content/EngineMaterials/DefaultDeferredDecalMaterial.uasset" 402
"../../../Engine/Content/EngineMaterials/DefaultLightFunctionMaterial.uasset" 403
"../../../Engine/Content/Functions/Engine_MaterialFunctions02/Utility/BreakOutFloat2Components.uasset" 404
"../../../Engine/Content/EngineMaterials/DefaultPostProcessMaterial.uasset" 405
"../../../Engine/Content/EngineFonts/RobotoDistanceField.uasset" 406
"../../../Engine/Content/EngineMaterials/DefaultTextMaterialOpaque.uasset" 407
"../../../Engine/Content/EngineMaterials/DefaultWhiteGrid.uasset" 408
"../../../Engine/Content/EngineMaterials/DefaultWhiteGrid_Low.uasset" 409
"../../../Engine/Content/EngineMaterials/EmissiveMeshMaterial.uasset" 410
"../../../Engine/Content/EngineMaterials/GizmoMaterial.uasset" 411
"../../../Engine/Content/EngineMaterials/Good64x64TilingNoiseHighFreq.uasset" 412
"../../../Engine/Content/EngineMaterials/MiniFont.uasset" 413
"../../../Engine/Content/EngineMaterials/InvalidLightmapSettings.uasset" 414
"../../../Engine/Content/EngineMaterials/M_InvalidLightmapSettings.uasset" 415
"../../../Engine/Content/Functions/Engine_MaterialFunctions02/WorldPositionOffset/CameraOffset.uasset" 416
"../../../Engine/Content/EngineMaterials/PhAT_JointLimitMaterial.uasset" 417
"../../../Engine/Content/EngineMaterials/PreintegratedSkinBRDF.uasset" 418
"../../../Engine/Content/EngineMaterials/RemoveSurfaceMaterial.uasset" 419
"../../../Engine/Content/EngineResources/WhiteSquareTexture.uasset" 420
"../../../Engine/Content/EngineMaterials/Widget3DPassThrough.uasset" 421
"../../../Engine/Content/EngineMaterials/Widget3DPassThrough_Masked.uasset" 422
"../../../Engine/Content/EngineMaterials/Widget3DPassThrough_Opaque.uasset" 423
"../../../Engine/Content/EngineMaterials/Widget3DPassThrough_Masked_OneSided.uasset" 424
"../../../Engine/Content/EngineMaterials/Widget3DPassThrough_Opaque_OneSided.uasset" 425
"../../../Engine/Content/EngineMaterials/Widget3DPassThrough_Translucent.uasset" 426
"../../../Engine/Content/EngineMaterials/Widget3DPassThrough_Translucent_OneSided.uasset" 427
"../../../Engine/Content/EngineMeshes/Cylinder.uasset" 428
"../../../Engine/Content/EngineMeshes/Sphere.uasset" 429
"../../../Engine/Content/EngineResources/Black.uasset" 430
"../../../Engine/Content/EngineResources/DefaultTextureCube.uasset" 431
"../../../Engine/Content/EngineResources/DefaultVolumeTexture2D.uasset" 432
"../../../Engine/Content/EngineResources/DefaultVolumeTexture.uasset" 433
"../../../Engine/Content/EngineResources/GradientTexture0.uasset" 434
"../../../Engine/Content/Functions/Engine_MaterialFunctions01/Shading/ConvertFromDiffSpec.uasset" 435
"../../../Engine/Content/Functions/Engine_MaterialFunctions01/Shading/PowerToRoughness.uasset" 436
"../../../Engine/Content/Maps/Templates/Thumbnails/Default.uasset" 437
"../../../Engine/Content/Maps/Templates/Thumbnails/TimeOfDay.uasset" 438
"../../../Engine/Content/Maps/Templates/Thumbnails/VR-Basic.uasset" 439
"../../../Engine/Content/MobileResources/T_MobileControls_texture.uasset" 440
"../../../Engine/Content/MobileResources/T_MobileMenu2.uasset" 441
"../../../Engine/Content/MobileResources/HUD/AnalogHat.uasset" 442
"../../../Engine/Content/MobileResources/HUD/VirtualJoystick_Background.uasset" 443
"../../../Engine/Content/MobileResources/HUD/VirtualJoystick_Thumb.uasset" 444
"../../../Engine/Content/MobileResources/HUD/DefaultVirtualJoysticks.uasset" 445
"../../../Engine/Content/MobileResources/HUD/LeftVirtualJoystickOnly.uasset" 446
"../../../Engine/Content/MobileResources/HUD/MobileHUDButton1_off.uasset" 447
"../../../Engine/Content/MobileResources/HUD/MobileHUDButton1_on.uasset" 448
"../../../Engine/Content/MobileResources/HUD/MobileHUDButton2_off.uasset" 449
"../../../Engine/Content/MobileResources/HUD/MobileHUDButton2_on.uasset" 450
"../../../Engine/Content/MobileResources/HUD/MobileHUDButton3.uasset" 451
"../../../Engine/Content/MobileResources/HUD/MobileHUDButtonFire.uasset" 452
"../../../Engine/Content/MobileResources/HUD/MobileHUDDirectionPad.uasset" 453
"../../../Engine/Content/MobileResources/HUD/MobileHUDDirectionPad2.uasset" 454
"../../../Engine/Content/MobileResources/HUD/MobileHUDDirectionPad3.uasset" 455
"../../../Engine/Content/MobileResources/HUD/MobileHUDDirectionStick.uasset" 456
"../../../Engine/Content/MobileResources/HUD/T_Castle_ThumbstickInner.uasset" 457
"../../../Engine/Content/MobileResources/HUD/T_Castle_ThumbstickOutter.uasset" 458
"../../../Engine/Content/Tutorial/ContentIntroCurve.uasset" 459
"../../../Engine/Content/Tutorial/Basics/LevelEditorAttract.uasset" 460
"../../../Engine/Content/Tutorial/BlueprintTutorials/TutorialAssets/Blueprint_64x.uasset" 461
"../../../Engine/Content/Tutorial/BlueprintTutorials/BlueprintEditorTutorial.uasset" 462
"../../../Engine/Content/Tutorial/Landscape/TutorialAssets/Landscape.uasset" 463
"../../../Engine/Content/Tutorial/Landscape/LandscapeWalkThrough.uasset" 464
"../../../Engine/Content/Tutorial/Landscape/Landscape_Manage_Mode.uasset" 465
"../../../Engine/Content/Tutorial/Landscape/Landscape_Painting_Mode.uasset" 466
"../../../Engine/Content/Tutorial/Landscape/Landscape_Sculpt_Mode.uasset" 467
"../../../Engine/Content/Tutorial/SubEditors/GettingSubstance.uasset" 468
"../../../Engine/Content/VREditor/LaserPointer/VR_LaserPower_01.uasset" 469
"../../../Engine/Content/VREditor/TransformGizmo/TransformGizmoMaterial.uasset" 470
"../../../Engine/Content/VREditor/TransformGizmo/TranslucentTransformGizmoMaterial.uasset" 471
"../../../Engine/Content/VREditor/TransformGizmo/BoundingBoxCorner.uasset" 472
"../../../Engine/Content/VREditor/TransformGizmo/BoundingBoxEdge.uasset" 473
"../../../Engine/Content/VREditor/TransformGizmo/PlaneTranslationHandle.uasset" 474
"../../../Engine/Content/VREditor/TransformGizmo/Main.uasset" 475
"../../../Engine/Content/VREditor/TransformGizmo/Xray.uasset" 476
"../../../Engine/Content/VREditor/TransformGizmo/SM_Sequencer_Key.uasset" 477
"../../../Engine/Content/VREditor/TransformGizmo/SM_Sequencer_Node.uasset" 478
"../../Plugins/2D/Paper2D/Content/PlaceholderTextures/DummySpriteTexture.uasset" 479
"../../Plugins/2D/Paper2D/Content/DummySprite.uasset" 480
"../../Plugins/2D/Paper2D/Content/DefaultPaperTerrainMaterial.uasset" 481
"../../Plugins/2D/Paper2D/Content/DefaultSpriteMaterial.uasset" 482
"../../Plugins/2D/Paper2D/Content/MaskedUnlitSpriteMaterial.uasset" 483
"../../Plugins/2D/Paper2D/Content/OpaqueUnlitSpriteMaterial.uasset" 484
"../../Plugins/FX/Niagara/Content/Enums/ENiagaraBooleanLogicOps.uasset" 485
"../../Plugins/FX/Niagara/Content/Enums/ENiagaraCoordinateSpace.uasset" 486
"../../Plugins/FX/Niagara/Content/Enums/ENiagaraExpansionMode.uasset" 487
"../../Plugins/FX/Niagara/Content/Enums/ENiagaraOrientationAxis.uasset" 488
"../../Plugins/FX/Niagara/Content/Enums/ENiagaraRandomnessMode.uasset" 489
"../../../Engine/Content/Functions/Engine_MaterialFunctions02/Utility/MakeFloat2.uasset" 490
"../../Plugins/Runtime/Oculus/OculusVR/Content/Materials/OculusMR_ChromaKey.uasset" 491
"../../Plugins/Runtime/Oculus/OculusVR/Content/Materials/OculusMR_ChromaKey_Lit.uasset" 492
"../../Plugins/Runtime/Oculus/OculusVR/Content/Materials/OculusMR_OpaqueColoredMaterial.uasset" 493
"../../Plugins/Runtime/Oculus/OculusVR/Content/Materials/OculusMR_WhiteMaterial.uasset" 494
"D:/UE4 Projects/ProjectAcceleracer/Content/GoodSky/Source/Data/Curve/Curve_GoodSky_Stars.uasset" 495
"D:/UE4 Projects/ProjectAcceleracer/Content/GoodSky/Source/Data/Curve/Curve_GoodSky_SunLight.uasset" 496
"D:/UE4 Projects/ProjectAcceleracer/Content/GoodSky/Source/Data/Curve/Curve_GoodSky_AllOverlayColor.uasset" 497
"D:/UE4 Projects/ProjectAcceleracer/Content/GoodSky/Source/Data/Curve/Curve_GoodSky_BaseCloudColor.uasset" 498
"D:/UE4 Projects/ProjectAcceleracer/Content/GoodSky/Source/Data/Curve/Curve_GoodSky_DomeColor.uasset" 499
"D:/UE4 Projects/ProjectAcceleracer/Content/GoodSky/Source/Data/Curve/Curve_GoodSky_horizon_Color.uasset" 500
"D:/UE4 Projects/ProjectAcceleracer/Content/GoodSky/Source/Data/Curve/Curve_GoodSky_SunDirection_Vector.uasset" 501
"D:/UE4 Projects/ProjectAcceleracer/Content/GoodSky/Source/Data/Structure/Structure_GoodSky.uasset" 502
"D:/UE4 Projects/ProjectAcceleracer/Content/GoodSky/Source/Data/DataTable/DataTable_GoodSky.uasset" 503
"D:/UE4 Projects/ProjectAcceleracer/Content/GoodSky/Source/ArrowTool/T_GoodSky_SkyRing.uasset" 504
"D:/UE4 Projects/ProjectAcceleracer/Content/GoodSky/Source/ArrowTool/M_GoodSky_SkyRing_.uasset" 505
"D:/UE4 Projects/ProjectAcceleracer/Content/GoodSky/Source/ArrowTool/M_GoodSky_Sun_Emissive.uasset" 506
"D:/UE4 Projects/ProjectAcceleracer/Content/GoodSky/Source/Materials/Material_Function/MF_GoodSky_SkyDomeAlpha.uasset" 507
"D:/UE4 Projects/ProjectAcceleracer/Content/GoodSky/Source/Materials/Material_Function/MF_GoodSky_Time.uasset" 508
"D:/UE4 Projects/ProjectAcceleracer/Content/GoodSky/Source/Textures/T_GoodSky_clouds_A.uasset" 509
"D:/UE4 Projects/ProjectAcceleracer/Content/GoodSky/Source/Textures/T_GoodSky_clouds_B.uasset" 510
"D:/UE4 Projects/ProjectAcceleracer/Content/GoodSky/Source/Textures/T_GoodSky_clouds_F.uasset" 511
"D:/UE4 Projects/ProjectAcceleracer/Content/GoodSky/Source/Textures/T_GoodSky_clouds_sphere.uasset" 512
"D:/UE4 Projects/ProjectAcceleracer/Content/GoodSky/Source/Materials/M_GoodSky_Base.uasset" 513
"../../../Engine/Content/Functions/Engine_MaterialFunctions01/Density/ExponentialDensity.uasset" 514
"../../../Engine/Content/Functions/Engine_MaterialFunctions01/Gradient/RadialGradientExponential.uasset" 515
"../../../Engine/Content/Functions/Engine_MaterialFunctions01/Texturing/ScaleUVsAroundPoint.uasset" 516
"D:/UE4 Projects/ProjectAcceleracer/Content/GoodSky/Source/Textures/T_GoodSky_Moon.uasset" 517
"D:/UE4 Projects/ProjectAcceleracer/Content/GoodSky/Source/Materials/M_GoodSky_Moon.uasset" 518
"../../../Engine/Content/Functions/Engine_MaterialFunctions01/Texturing/ComputeMipLevel.uasset" 519
"../../../Engine/Content/Functions/Engine_MaterialFunctions01/Texturing/TextureCropping.uasset" 520
"../../../Engine/Content/Functions/Engine_MaterialFunctions02/ExampleContent/DebugNumberStrip.uasset" 521
"../../../Engine/Content/Functions/Engine_MaterialFunctions02/ExampleContent/Textures/DebugNumberPeriod.uasset" 522
"../../../Engine/Content/Functions/Engine_MaterialFunctions02/Utility/DebugScalarValues.uasset" 523
"../../../Engine/Content/Functions/Engine_MaterialFunctions02/Utility/DebugFloat3Values.uasset" 524
"../../../Engine/Content/Functions/Engine_MaterialFunctions02/Math/RGBtoHSV.uasset" 525
"../../../Engine/Content/Functions/Engine_MaterialFunctions02/Utility/DebugFloat4Values.uasset" 526
"D:/UE4 Projects/ProjectAcceleracer/Content/GoodSky/Source/Textures/T_GoodSky_Lightning.uasset" 527
"D:/UE4 Projects/ProjectAcceleracer/Content/GoodSky/Source/Materials/M_GoodSky_Storm.uasset" 528
"D:/UE4 Projects/ProjectAcceleracer/Content/GoodSky/Source/Textures/T_GoodSky_Stars.uasset" 529
"D:/UE4 Projects/ProjectAcceleracer/Content/GoodSky/Source/Materials/M_GoodSky_Sun_Stars.uasset" 530
"../../../Engine/Content/BasicShapes/Plane.uasset" 531
"../../../Engine/Content/BasicShapes/Sphere.uasset" 532
"D:/UE4 Projects/ProjectAcceleracer/Content/GoodSky/Source/ArrowTool/SM_GoodSky_StarMesh.uasset" 533
"D:/UE4 Projects/ProjectAcceleracer/Content/GoodSky/Source/Data/Enum/Enum_GoodSky_Clouds_Coverage.uasset" 534
"D:/UE4 Projects/ProjectAcceleracer/Content/GoodSky/Source/Data/Enum/Enum_GoodSky_Effects.uasset" 535
"D:/UE4 Projects/ProjectAcceleracer/Content/GoodSky/Source/Data/Enum/Enum_GoodSky_MeshType.uasset" 536
"D:/UE4 Projects/ProjectAcceleracer/Content/GoodSky/Source/Data/Enum/Enum_GoodSky_Preset.uasset" 537
"D:/UE4 Projects/ProjectAcceleracer/Content/GoodSky/Source/Data/Enum/Enum_GoodSky_Style_Clouds.uasset" 538
"D:/UE4 Projects/ProjectAcceleracer/Content/GoodSky/Source/Mesh/SM_GoodSky_Hemisphere.uasset" 539
"D:/UE4 Projects/ProjectAcceleracer/Content/GoodSky/Source/Mesh/SM_GoodSky_Sphere.uasset" 540
"D:/UE4 Projects/ProjectAcceleracer/Content/GoodSky/Source/Textures/T_GoodSky_clouds_C.uasset" 541
"D:/UE4 Projects/ProjectAcceleracer/Content/GoodSky/Source/Textures/T_GoodSky_clouds_D.uasset" 542
"D:/UE4 Projects/ProjectAcceleracer/Content/GoodSky/Source/Textures/T_GoodSky_clouds_E.uasset" 543
"D:/UE4 Projects/ProjectAcceleracer/Content/GoodSky/Blueprint/BP_GoodSky.uasset" 544
"D:/UE4 Projects/ProjectAcceleracer/Content/GoodSky/Source/UI/WB_GoodSky_Menu.uasset" 545
"D:/UE4 Projects/ProjectAcceleracer/Content/GoodSky/Maps/Level_GoodSky_Showcase.umap" 546
"D:/UE4 Projects/ProjectAcceleracer/Content/Particles/LightningMaterial.uasset" 547
"D:/UE4 Projects/ProjectAcceleracer/Content/Particles/Lightning.uasset" 548
"D:/UE4 Projects/ProjectAcceleracer/Content/Sound/Thunder.uasset" 549
"D:/UE4 Projects/ProjectAcceleracer/Content/Particles/LightningBP.uasset" 550
"D:/UE4 Projects/ProjectAcceleracer/Content/Meshes_Materials_Textures/Meshes/MainTrack.uasset" 551
"D:/UE4 Projects/ProjectAcceleracer/Content/TrackSpline.uasset" 552
"D:/UE4 Projects/ProjectAcceleracer/Content/Maps_Modes/DevLevel_BuiltData.uasset" 553
"../../../Engine/Content/BasicShapes/BasicShapeMaterial.uasset" 554
"D:/UE4 Projects/ProjectAcceleracer/Content/Meshes_Materials_Textures/Materials/Mat_Ice.uasset" 555
"../../../Engine/Content/MapTemplates/SM_Template_Map_Floor.uasset" 556
"D:/UE4 Projects/ProjectAcceleracer/Content/Meshes_Materials_Textures/Meshes/Track123.uasset" 557
"D:/UE4 Projects/ProjectAcceleracer/Content/Particles/BigStorm.uasset" 558
"D:/UE4 Projects/ProjectAcceleracer/Content/Particles/ConstantLightling.uasset" 559
"D:/UE4 Projects/ProjectAcceleracer/Content/Sound/HW_Acceleracers_OST_-_04_-_Anything_But_Down__Metal_Maniacs_.uasset" 560
"D:/UE4 Projects/ProjectAcceleracer/Content/Maps_Modes/DevLevel.umap" 561
"D:/UE4 Projects/ProjectAcceleracer/Content/UI/MainMenu/LoadScreen.uasset" 562
"D:/UE4 Projects/ProjectAcceleracer/Content/UI/LoadScreen.uasset" 563
"D:/UE4 Projects/ProjectAcceleracer/Content/Maps_Modes/LoadScreen.umap" 564
"D:/UE4 Projects/ProjectAcceleracer/Content/Sound/HW_Acceleracers_OST_-_01_-_Acceleracers_Theme.uasset" 565
"D:/UE4 Projects/ProjectAcceleracer/Content/Maps_Modes/MainMenu.umap" 566
"D:/UE4 Projects/ProjectAcceleracer/Content/Maps_Modes/Realm_Storm.umap" 567
"D:/UE4 Projects/ProjectAcceleracer/Content/Ocean/Ocean/Materials/M_Ocean_Versions/M_Ocean_UltraTS.uasset" 568
"D:/UE4 Projects/ProjectAcceleracer/Content/Ocean/Ocean/Materials/M_Ocean_Versions/M_Inst_Ocean_UltraTS.uasset" 569
"D:/UE4 Projects/ProjectAcceleracer/Content/Ocean/Ocean/Meshes/SM_OceanTop.uasset" 570
"D:/UE4 Projects/ProjectAcceleracer/Content/Ocean/Ocean/Meshes/SM_UnderWater2.uasset" 571
"D:/UE4 Projects/ProjectAcceleracer/Content/Ocean/WaveData.uasset" 572
"D:/UE4 Projects/ProjectAcceleracer/Content/Ocean/WaveSet.uasset" 573
"D:/UE4 Projects/ProjectAcceleracer/Content/Ocean/Ocean.uasset" 574
"../../../Engine/Content/BasicShapes/Cylinder.uasset" 575
"D:/UE4 Projects/ProjectAcceleracer/Content/Meshes_Materials_Textures/Meshes/HollowCylinder.uasset" 576
"D:/UE4 Projects/ProjectAcceleracer/Content/Ocean/OceanFloorEntry.uasset" 577
"D:/UE4 Projects/ProjectAcceleracer/Content/Ocean/Ocean/Materials/M_Caustics_LF_Inst.uasset" 578
"D:/UE4 Projects/ProjectAcceleracer/Content/Ocean/UnderWater.uasset" 579
"D:/UE4 Projects/ProjectAcceleracer/Content/Ocean/WaterPhysics.uasset" 580
"../../../Engine/Content/EditorLandscapeResources/DataLayer.uasset" 581
"D:/UE4 Projects/ProjectAcceleracer/Content/Maps_Modes/Realm_Water_BuiltData.uasset" 582
"D:/UE4 Projects/ProjectAcceleracer/Content/Meshes_Materials_Textures/Materials/Mat_WaterSurface.uasset" 583
"../../../Engine/Content/MapTemplates/TilingNoise05.uasset" 584
"D:/UE4 Projects/ProjectAcceleracer/Content/Meshes_Materials_Textures/Materials/WaterCaustics.uasset" 585
"D:/UE4 Projects/ProjectAcceleracer/Content/Ocean/Ocean/Materials/Sand/M_Sand_Hole.uasset" 586
"D:/UE4 Projects/ProjectAcceleracer/Content/Ocean/Ocean/Materials/M_Ocean_Versions/M_Inst_Ocean_Depth.uasset" 587
"D:/UE4 Projects/ProjectAcceleracer/Content/Ocean/Ocean/Materials/M_Ocean_Versions/M_Inst_Ocean_Depth1.uasset" 588
"D:/UE4 Projects/ProjectAcceleracer/Content/Ocean/Ocean/Materials/Sand/M_Sand_Inst1.uasset" 589
"../../../Engine/Content/MapTemplates/lut/LUT_Morning.uasset" 590
"D:/UE4 Projects/ProjectAcceleracer/Content/Meshes_Materials_Textures/Meshes/SM_ar_water_ring.uasset" 591
"D:/UE4 Projects/ProjectAcceleracer/Content/Maps_Modes/Realm_Water.umap" 592
"../../../Engine/Content/Maps/Entry_BuiltData.uasset" 593
"../../../Engine/Content/Maps/Entry.umap" 594
